生成启动时间为 2017/6/13 17:10:09。
     1>项目“g:\南方银谷\tttools\tttools\sodeps\sodeps.vcxproj”在节点 2 上(Build 个目标)。
     1>ClCompile:
         C:\Program Files (x86)\Microsoft Visual Studio 12.0\VC\bin\x86_amd64\CL.exe /c /Zi /nologo /W3 /WX- /sdl- /O2 /Oi /GL /D WIN32 /D NDEBUG /D _LIB /D _MBCS /Gm- /EHsc /MT /GS /Gy /fp:precise /Zc:wchar_t /Zc:forScope /Fo"x64\Release\\" /Fd"x64\Release\vc120.pdb" /Gd /TP /errorReport:prompt Client.cpp utils.cpp win32\IOCPModel.cpp win32\socket.cpp
         Client.cpp
         utils.cpp
     1>utils.cpp(154): warning C4996: '_snprintf': This function or variable may be unsafe. Consider using _snprintf_s instead. To disable deprecation, use _CRT_SECURE_NO_WARNINGS. See online help for details.
                 C:\Program Files (x86)\Microsoft Visual Studio 12.0\VC\include\stdio.h(346) : 参见“_snprintf”的声明
     1>utils.cpp(158): warning C4018: “>=”: 有符号/无符号不匹配
     1>utils.cpp(205): warning C4305: “=”: 从“int”到“char”截断
     1>utils.cpp(205): warning C4309: “=”: 截断常量值
     1>utils.cpp(221): warning C4996: 'sprintf': This function or variable may be unsafe. Consider using sprintf_s instead. To disable deprecation, use _CRT_SECURE_NO_WARNINGS. See online help for details.
                 C:\Program Files (x86)\Microsoft Visual Studio 12.0\VC\include\stdio.h(356) : 参见“sprintf”的声明
         IOCPModel.cpp
     1>win32\IOCPModel.cpp(109): warning C4244: “参数”: 从“SOCKET”转换到“unsigned int”，可能丢失数据
     1>win32\IOCPModel.cpp(110): warning C4244: “参数”: 从“SOCKET”转换到“unsigned int”，可能丢失数据
     1>win32\IOCPModel.cpp(563): warning C4244: “参数”: 从“SOCKET”转换到“unsigned int”，可能丢失数据
     1>win32\IOCPModel.cpp(600): warning C4244: “参数”: 从“SOCKET”转换到“unsigned int”，可能丢失数据
     1>win32\IOCPModel.cpp(634): warning C4244: “参数”: 从“SOCKET”转换到“unsigned int”，可能丢失数据
     1>win32\IOCPModel.cpp(649): warning C4244: “初始化”: 从“SOCKET”转换到“int”，可能丢失数据
         socket.cpp
     1>win32\socket.cpp(86): warning C4244: “=”: 从“SOCKET”转换到“int”，可能丢失数据
     1>win32\socket.cpp(89): warning C4244: “=”: 从“SOCKET”转换到“int”，可能丢失数据
     1>win32\socket.cpp(92): warning C4244: “=”: 从“SOCKET”转换到“int”，可能丢失数据
     1>win32\socket.cpp(188): warning C4244: “初始化”: 从“SOCKET”转换到“int”，可能丢失数据
       Lib:
         C:\Program Files (x86)\Microsoft Visual Studio 12.0\VC\bin\x86_amd64\Lib.exe /OUT:"G:\南方银谷\tttools\tttools\x64\Release\sodeps.lib" /NOLOGO /MACHINE:X64 /LTCG x64\Release\Client.obj
         x64\Release\stdafx.obj
         x64\Release\utils.obj
         x64\Release\IOCPModel.obj
         x64\Release\socket.obj
         sodeps.vcxproj -> G:\南方银谷\tttools\tttools\x64\Release\sodeps.lib
     1>已完成生成项目“g:\南方银谷\tttools\tttools\sodeps\sodeps.vcxproj”(Build 个目标)的操作。

生成成功。

已用时间 00:00:02.15
